2024-05-03 19:42:36,695 - INFO - os: nt
2024-05-03 19:42:36,695 - INFO - C:\Python\Projects\UU_lessons\Internship\sprint_01\task_07
2024-05-03 19:42:36,695 - INFO - ['aapl_3mo_stock_price_chart_5.png', 'calculation.py', 'data_download.py', 'data_plotting.py', 'export.csv', 'log', 'log.py', 'log_settings.py', 'main.py', 'readme.txt', 'test.py', '__pycache__']
2024-05-03 19:42:59,279 - INFO - period: 1mo
2024-05-03 19:42:59,279 - INFO - ticker: aapl
2024-05-03 19:42:59,280 - INFO - date_start: 
2024-05-03 19:42:59,280 - INFO - date_end: 
2024-05-03 19:42:59,280 - INFO - threshold: 5.0
2024-05-03 19:42:59,661 - INFO - Получено: 0 значений
2024-05-03 19:42:59,663 - INFO - Добавлены средние значения (Moving_Average)(шт): 0
2024-05-03 19:42:59,679 - INFO - Добавлены значения RSI (шт): 0
2024-05-03 19:42:59,680 - INFO - Расчитано стандартное отклонение.
2024-05-03 19:43:01,985 - INFO - Стиль графика: 9
2024-05-03 19:43:02,179 - INFO - Сохранен график
2024-05-03 19:43:02,179 - INFO - Расчитана средняя цена (AveragePrice)
2024-05-03 19:43:02,179 - INFO - Уведомления по уровню: 5.0
2024-05-03 20:04:34,625 - INFO - os: nt
2024-05-03 20:04:34,626 - INFO - C:\Python\Projects\UU_lessons\Internship\sprint_01\task_07
2024-05-03 20:04:34,626 - INFO - ['aapl_3mo_stock_price_chart_5.png', 'calculation.py', 'data_download.py', 'data_plotting.py', 'export.csv', 'log', 'log.py', 'log_settings.py', 'main.py', 'readme.txt', 'test.py', '__pycache__']
2024-05-03 20:04:48,721 - INFO - period: 1mo
2024-05-03 20:04:48,722 - INFO - ticker: aapl
2024-05-03 20:04:48,722 - INFO - date_start: 
2024-05-03 20:04:48,722 - INFO - date_end: 
2024-05-03 20:04:48,722 - INFO - threshold: 5.0
2024-05-03 20:05:03,684 - INFO - Получено: 22 значений
2024-05-03 20:05:03,687 - INFO - Добавлены средние значения (Moving_Average)(шт): 22
2024-05-03 20:05:03,692 - INFO - Добавлены значения RSI (шт): 22
2024-05-03 20:05:03,693 - INFO - Расчитано стандартное отклонение.
2024-05-03 20:05:08,085 - INFO - Стиль графика: 4
2024-05-03 20:05:08,533 - INFO - Сохранен график
2024-05-03 20:05:08,534 - INFO - Расчитана средняя цена (AveragePrice)
2024-05-03 20:05:08,534 - INFO - Уведомления по уровню: 5.0
2024-05-04 23:59:42,949 - INFO - os: nt
2024-05-04 23:59:42,949 - INFO - C:\Python\Projects\UU_lessons\Internship\sprint_01\task_07
2024-05-04 23:59:42,949 - INFO - ['aapl_1mo_stock_price_chart_5.png', 'aapl_3mo_stock_price_chart_5.png', 'calculation.py', 'data_download.py', 'data_plotting.py', 'export.csv', 'log', 'log.py', 'log_settings.py', 'main.py', 'readme.txt', 'test.py', '__pycache__']
2024-05-04 23:59:56,909 - INFO - period: 1mo
2024-05-04 23:59:56,909 - INFO - ticker: aapl
2024-05-04 23:59:56,909 - INFO - date_start: 
2024-05-04 23:59:56,909 - INFO - date_end: 
2024-05-04 23:59:56,909 - INFO - threshold: 5.0
2024-05-05 00:00:24,754 - INFO - Получено: 0 значений
2024-05-05 00:00:24,755 - INFO - Добавлены средние значения (Moving_Average)(шт): 0
2024-05-05 00:00:24,758 - INFO - Добавлены значения RSI (шт): 0
2024-05-05 00:00:24,758 - INFO - Расчитано стандартное отклонение.
2024-05-05 00:00:28,792 - INFO - Стиль графика: fast
2024-05-05 00:00:28,792 - INFO - Стиль графика: 7
2024-05-05 00:00:29,317 - INFO - Сохранен график
2024-05-05 00:00:29,317 - INFO - Расчитана средняя цена (AveragePrice)
2024-05-05 00:00:29,317 - INFO - Уведомления по уровню: 5.0
2024-05-05 00:02:14,952 - INFO - os: nt
2024-05-05 00:02:14,952 - INFO - C:\Python\Projects\UU_lessons\Internship\sprint_01\task_07
2024-05-05 00:02:14,952 - INFO - ['aapl_1mo_stock_price_chart_5.png', 'aapl_3mo_stock_price_chart_5.png', 'calculation.py', 'data_download.py', 'data_plotting.py', 'export.csv', 'log', 'log.py', 'log_settings.py', 'main.py', 'readme.txt', 'test.py', '__pycache__']
2024-05-05 00:02:29,243 - INFO - period: 1mo
2024-05-05 00:02:29,243 - INFO - ticker: aapl
2024-05-05 00:02:29,243 - INFO - date_start: 
2024-05-05 00:02:29,243 - INFO - date_end: 
2024-05-05 00:02:29,243 - INFO - threshold: 4.0
2024-05-05 00:02:37,701 - INFO - Получено: 21 значений
2024-05-05 00:02:37,703 - INFO - Добавлены средние значения (Moving_Average)(шт): 21
2024-05-05 00:02:37,705 - INFO - Добавлены значения RSI (шт): 21
2024-05-05 00:02:37,705 - INFO - Расчитано стандартное отклонение.
2024-05-05 00:02:41,279 - INFO - Стиль графика: ggplot
2024-05-05 00:02:41,279 - INFO - Стиль графика: 9
2024-05-05 00:03:41,783 - INFO - os: nt
2024-05-05 00:03:41,783 - INFO - C:\Python\Projects\UU_lessons\Internship\sprint_01\task_07
2024-05-05 00:03:41,783 - INFO - ['aapl_1mo_stock_price_chart_10.png', 'aapl_1mo_stock_price_chart_5.png', 'aapl_3mo_stock_price_chart_5.png', 'calculation.py', 'data_download.py', 'data_plotting.py', 'export.csv', 'log', 'log.py', 'log_settings.py', 'main.py', 'readme.txt', 'test.py', '__pycache__']
2024-05-05 00:03:57,370 - INFO - period: 1mo
2024-05-05 00:03:57,370 - INFO - ticker: aapl
2024-05-05 00:03:57,370 - INFO - date_start: 
2024-05-05 00:03:57,370 - INFO - date_end: 
2024-05-05 00:03:57,370 - INFO - threshold: 8.0
2024-05-05 00:04:05,040 - INFO - Получено: 21 значений
2024-05-05 00:04:05,040 - INFO - Добавлены средние значения (Moving_Average)(шт): 21
2024-05-05 00:04:05,042 - INFO - Добавлены значения RSI (шт): 21
2024-05-05 00:04:05,042 - INFO - Расчитано стандартное отклонение.
2024-05-05 00:04:08,476 - INFO - Стиль графика: ggplot
2024-05-05 00:04:08,476 - INFO - Стиль графика: 9
2024-05-05 00:04:08,706 - INFO - График сохранен как aapl_1mo_stock_price_chart_10.png
2024-05-05 00:04:08,706 - INFO - Сохранен график
2024-05-05 00:04:08,706 - INFO - Расчитана средняя цена (AveragePrice)
2024-05-05 00:04:08,706 - INFO - Уведомления по уровню: 8.0
2024-05-07 11:32:31,156 - INFO - os: nt
2024-05-07 11:32:31,156 - INFO - D:\Python\Projects\UU\lessons\Internship\sprint_01\task_08
2024-05-07 11:32:31,156 - INFO - ['calculation.py', 'data_download.py', 'data_plotting.py', 'log', 'log.py', 'log_settings.py', 'main.py', 'readme.txt', 'test.py', '__pycache__']
2024-05-07 11:32:43,610 - INFO - period: 1mo
2024-05-07 11:32:43,610 - INFO - ticker: aapl
2024-05-07 11:32:43,610 - INFO - date_start: 
2024-05-07 11:32:43,610 - INFO - date_end: 
2024-05-07 11:32:43,610 - INFO - threshold: 5.0
2024-05-07 11:32:47,456 - INFO - Получено: 21 значений
2024-05-07 11:32:47,457 - INFO - Добавлены средние значения (Moving_Average)(шт): 21
2024-05-07 11:32:47,459 - INFO - Добавлены значения RSI (шт): 21
2024-05-07 11:32:47,459 - INFO - Расчитано стандартное отклонение.
2024-05-07 11:32:50,299 - INFO - Стиль графика: ggplot
2024-05-07 11:32:50,299 - INFO - Стиль графика: 9
2024-05-07 11:32:51,056 - INFO - График сохранен как aapl_1mo_stock_price_chart_10.png
2024-05-07 11:32:51,056 - INFO - Сохранен график
2024-05-07 11:32:51,056 - INFO - Расчитана средняя цена (AveragePrice)
2024-05-07 11:32:51,056 - INFO - Уведомления по уровню: 5.0
2024-05-07 12:03:03,376 - INFO - os: nt
2024-05-07 12:03:03,376 - INFO - D:\Python\Projects\UU\lessons\Internship\sprint_01\task_08
2024-05-07 12:03:03,377 - INFO - ['aapl_1mo_stock_price_chart_10.png', 'calculation.py', 'data_download.py', 'data_plotting.py', 'log', 'log.py', 'log_settings.py', 'main.py', 'readme.txt', 'test.py', '__pycache__']
2024-05-07 12:03:15,683 - INFO - period: 1mo
2024-05-07 12:03:15,683 - INFO - ticker: aapl
2024-05-07 12:03:15,683 - INFO - date_start: 
2024-05-07 12:03:15,683 - INFO - date_end: 
2024-05-07 12:03:15,683 - INFO - threshold: 5.0
2024-05-07 12:03:17,549 - INFO - Получено: 21 значений
2024-05-07 12:03:17,549 - INFO - Добавлены средние значения (Moving_Average)(шт): 21
2024-05-07 12:03:17,551 - INFO - Добавлены значения RSI (шт): 21
2024-05-07 12:03:17,551 - INFO - Расчитано стандартное отклонение.
2024-05-07 12:03:20,053 - INFO - Стиль графика: ggplot
2024-05-07 12:03:20,053 - INFO - Стиль графика: 9
2024-05-07 12:03:21,223 - INFO - График сохранен как aapl_1mo_stock_price_chart_10.png
2024-05-07 12:03:21,223 - INFO - Сохранен график
2024-05-07 12:03:21,223 - INFO - Расчитана средняя цена (AveragePrice)
2024-05-07 12:03:21,223 - INFO - Уведомления по уровню: 5.0
2024-05-16 16:04:53,471 - INFO - os: nt
2024-05-16 16:04:53,472 - INFO - E:\python\projects\UU_lessons\Internship\sprint_01\task_08
2024-05-16 16:04:53,472 - INFO - ['calculation.py', 'data_download.py', 'data_plotting.py', 'log', 'log.py', 'log_settings.py', 'main.py', 'readme.txt', 'test.py', '__pycache__']
2024-05-16 16:05:11,075 - INFO - period: 1mo
2024-05-16 16:05:11,075 - INFO - ticker: aapl
2024-05-16 16:05:11,075 - INFO - date_start: 
2024-05-16 16:05:11,075 - INFO - date_end: 
2024-05-16 16:05:11,075 - INFO - threshold: 5.0
2024-05-16 16:05:12,949 - INFO - Получено: 22 значений
2024-05-16 16:05:12,949 - INFO - Добавлены средние значения (Moving_Average)(шт): 22
2024-05-16 16:05:12,951 - INFO - Добавлены значения RSI (шт): 22
2024-05-16 16:05:12,951 - INFO - Расчитано стандартное отклонение.
2024-05-16 16:05:16,316 - INFO - Стиль графика: ggplot
2024-05-16 16:05:16,316 - INFO - Стиль графика: 9
2024-05-16 16:05:16,623 - INFO - График сохранен как aapl_1mo_stock_price_chart_10.png
2024-05-16 16:05:16,623 - INFO - Сохранен график
2024-05-16 16:05:16,623 - INFO - Расчитана средняя цена (AveragePrice)
2024-05-16 16:05:16,624 - INFO - Уведомления по уровню: 5.0
2024-05-16 16:05:17,504 - INFO - График в Plotly
2024-05-16 16:08:58,701 - INFO - os: nt
2024-05-16 16:08:58,701 - INFO - E:\python\projects\UU_lessons\Internship\sprint_01\task_08
2024-05-16 16:08:58,701 - INFO - ['aapl_1mo_stock_price_chart_10.png', 'calculation.py', 'data_download.py', 'data_plotting.py', 'log', 'log.py', 'log_settings.py', 'main.py', 'readme.txt', 'test.py', '__pycache__']
2024-05-16 16:09:11,674 - INFO - period: 1mo
2024-05-16 16:09:11,674 - INFO - ticker: aapl
2024-05-16 16:09:11,674 - INFO - date_start: 
2024-05-16 16:09:11,674 - INFO - date_end: 
2024-05-16 16:09:11,674 - INFO - threshold: 5.0
2024-05-16 16:09:12,795 - INFO - Получено: 22 значений
2024-05-16 16:09:12,795 - INFO - Добавлены средние значения (Moving_Average)(шт): 22
2024-05-16 16:09:12,797 - INFO - Добавлены значения RSI (шт): 22
2024-05-16 16:09:12,797 - INFO - Расчитано стандартное отклонение.
2024-05-16 16:09:15,234 - INFO - Стиль графика: ggplot
2024-05-16 16:09:15,234 - INFO - Стиль графика: 9
2024-05-16 16:09:15,446 - INFO - График сохранен как aapl_1mo_stock_price_chart_10.png
2024-05-16 16:09:15,446 - INFO - Сохранен график
2024-05-16 16:09:15,447 - INFO - Расчитана средняя цена (AveragePrice)
2024-05-16 16:09:15,447 - INFO - Уведомления по уровню: 5.0
2024-05-16 16:11:21,726 - INFO - График в Plotly
2024-05-16 16:16:49,332 - INFO - os: nt
2024-05-16 16:16:49,332 - INFO - E:\python\projects\UU_lessons\Internship\sprint_01\task_08
2024-05-16 16:16:49,333 - INFO - ['aapl_1mo_stock_price_chart_10.png', 'calculation.py', 'data_download.py', 'data_plotting.py', 'Figure_1.png', 'log', 'log.py', 'log_settings.py', 'main.py', 'readme.txt', 'test.py', '__pycache__']
2024-05-16 16:17:06,639 - INFO - period: 1mo
2024-05-16 16:17:06,640 - INFO - ticker: aapl
2024-05-16 16:17:06,640 - INFO - date_start: 
2024-05-16 16:17:06,640 - INFO - date_end: 
2024-05-16 16:17:06,640 - INFO - threshold: 5.0
2024-05-16 16:17:07,777 - INFO - Получено: 22 значений
2024-05-16 16:17:07,778 - INFO - Добавлены средние значения (Moving_Average)(шт): 22
2024-05-16 16:17:07,779 - INFO - Добавлены значения RSI (шт): 22
2024-05-16 16:17:07,780 - INFO - Расчитано стандартное отклонение.
2024-05-16 16:17:10,320 - INFO - Стиль графика: ggplot
2024-05-16 16:17:10,320 - INFO - Стиль графика: 9
2024-05-16 16:17:10,536 - INFO - График сохранен как aapl_1mo_stock_price_chart_10.png
2024-05-16 16:17:10,537 - INFO - Сохранен график
2024-05-16 16:17:10,537 - INFO - Расчитана средняя цена (AveragePrice)
2024-05-16 16:17:10,537 - INFO - Уведомления по уровню: 5.0
2024-05-16 16:17:25,683 - INFO - График построен в браузере
2024-05-16 16:17:25,683 - INFO - График в Plotly
