INFO:MovingLoader:Произошло движение: 0, 1
INFO:MovingLoader:Произошло движение: 0, 2
INFO:MovingLoader:Произошло движение: 0, 3
INFO:MovingLoader:Произошло движение: 0, 4
INFO:MovingLoader:Произошло движение: 0, 5
INFO:MovingLoader:Произошло движение: 0, 6
INFO:MovingLoader:Произошло движение: 0, 7
INFO:MovingLoader:Произошло движение: 0, 8
INFO:MovingLoader:Произошло движение: 0, 9
INFO:MovingLoader:Произошло движение: 0, 10
INFO:MovingLoader:Произошло движение: 0, 11
INFO:MovingLoader:Произошло движение: 0, 12
INFO:MovingLoader:Произошло движение: 0, 13
INFO:MovingLoader:Произошло движение: 0, 14
INFO:MovingLoader:Произошло движение: 0, 15
INFO:MovingLoader:Произошло движение: 0, 16
INFO:MovingLoader:Произошло движение: 0, 17
INFO:MovingLoader:Произошло движение: 0, 18
INFO:MovingLoader:Произошло движение: 0, 19
INFO:MovingLoader:Произошло движение: 0, 20
INFO:MovingLoader:Произошло движение: 0, 21
INFO:MovingLoader:Произошло движение: 0, 22
INFO:MovingLoader:Произошло движение: 0, 23
INFO:MovingLoader:Произошло движение: 0, 24
INFO:MovingLoader:Произошло движение: 0, 25
INFO:MovingLoader:Произошло движение: 0, 26
INFO:MovingLoader:Произошло движение: 0, 27
INFO:MovingLoader:Произошло движение: 0, 28
INFO:MovingLoader:Произошло движение: 0, 29
INFO:MovingLoader:Произошло движение: 0, 30
INFO:MovingLoader:Произошло движение: 0, 31
INFO:MovingLoader:Произошло движение: 0, 32
INFO:MovingLoader:Произошло движение: 0, 33
INFO:MovingLoader:Произошло движение: 0, 34
INFO:MovingLoader:Произошло движение: 0, 35
INFO:MovingLoader:Произошло движение: 0, 36
INFO:MovingLoader:Произошло движение: 0, 37
INFO:MovingLoader:Произошло движение: 0, 38
INFO:MovingLoader:Произошло движение: 0, 39
INFO:MovingLoader:Произошло движение: 0, 40
INFO:MovingLoader:Произошло движение: 0, 41
INFO:MovingLoader:Произошло движение: 0, 42
INFO:MovingLoader:Произошло движение: 0, 43
INFO:MovingLoader:Произошло движение: 0, 44
INFO:MovingLoader:Произошло движение: 0, 45
INFO:MovingLoader:Произошло движение: 0, 46
INFO:MovingLoader:Произошло движение: 0, 47
INFO:MovingLoader:Произошло движение: 0, 48
INFO:MovingLoader:Произошло движение: 0, 49
INFO:MovingLoader:Произошло движение: 0, 50
INFO:MovingLoader:Произошло движение: 0, 51
INFO:MovingLoader:Произошло движение: 0, 52
INFO:MovingLoader:Произошло движение: 0, 53
INFO:MovingLoader:Произошло движение: 0, 54
INFO:MovingLoader:Произошло движение: 1, 54
INFO:MovingLoader:Произошло движение: 2, 54
INFO:MovingLoader:Произошло движение: 3, 54
INFO:MovingLoader:Произошло движение: 4, 54
INFO:MovingLoader:Произошло движение: 5, 54
INFO:MovingLoader:Произошло движение: 6, 54
INFO:MovingLoader:Произошло движение: 7, 54
INFO:MovingLoader:Произошло движение: 8, 54
INFO:MovingLoader:Произошло движение: 9, 54
INFO:MovingLoader:Произошло движение: 10, 54
INFO:MovingLoader:Произошло движение: 11, 54
INFO:MovingLoader:Произошло движение: 12, 54
INFO:MovingLoader:Произошло движение: 13, 54
INFO:MovingLoader:Произошло движение: 14, 54
INFO:MovingLoader:Произошло движение: 15, 54
INFO:MovingLoader:Произошло движение: 16, 54
INFO:MovingLoader:Произошло движение: 17, 54
INFO:MovingLoader:Произошло движение: 18, 54
INFO:MovingLoader:Произошло движение: 19, 54
INFO:MovingLoader:Произошло движение: 20, 54
INFO:MovingLoader:Произошло движение: 21, 54
INFO:MovingLoader:Произошло движение: 22, 54
INFO:MovingLoader:Произошло движение: 23, 54
INFO:MovingLoader:Произошло движение: 24, 54
INFO:MovingLoader:Произошло движение: 25, 54
INFO:MovingLoader:Произошло движение: 26, 54
INFO:MovingLoader:Произошло движение: 27, 54
INFO:MovingLoader:Произошло движение: 28, 54
INFO:MovingLoader:Произошло движение: 29, 54
INFO:MovingLoader:Произошло движение: 30, 54
INFO:MovingLoader:Произошло движение: 31, 54
INFO:MovingLoader:Произошло движение: 32, 54
INFO:MovingLoader:Произошло движение: 33, 54
INFO:MovingLoader:Произошло движение: 34, 54
INFO:MovingLoader:Произошло движение: 35, 54
INFO:MovingLoader:Произошло движение: 36, 54
INFO:MovingLoader:Произошло движение: 37, 54
INFO:MovingLoader:Произошло движение: 38, 54
INFO:MovingLoader:Произошло движение: 39, 54
INFO:MovingLoader:Произошло движение: 40, 54
INFO:MovingLoader:Произошло движение: 41, 54
INFO:MovingLoader:Произошло движение: 42, 54
INFO:MovingLoader:Произошло движение: 43, 54
INFO:MovingLoader:Произошло движение: 44, 54
INFO:MovingLoader:Произошло движение: 45, 54
INFO:MovingLoader:Произошло движение: 46, 54
INFO:MovingLoader:Произошло движение: 47, 54
INFO:MovingLoader:Произошло движение: 48, 54
INFO:MovingLoader:Произошло движение: 49, 54
INFO:MovingLoader:Произошло движение: 50, 54
INFO:MovingLoader:Произошло движение: 51, 54
INFO:MovingLoader:Произошло движение: 52, 54
INFO:MovingLoader:Произошло движение: 53, 54
INFO:MovingLoader:Произошло движение: 54, 54
INFO:MovingLoader:Произошло движение: 55, 54
INFO:MovingLoader:Произошло движение: 56, 54
INFO:MovingLoader:Произошло движение: 57, 54
INFO:MovingLoader:Произошло движение: 58, 54
INFO:MovingLoader:Произошло движение: 59, 54
INFO:MovingLoader:Произошло движение: 60, 54
INFO:MovingLoader:Произошло движение: 61, 54
INFO:MovingLoader:Произошло движение: 62, 54
INFO:MovingLoader:Произошло движение: 63, 54
INFO:MovingLoader:Произошло движение: 64, 54
INFO:MovingLoader:Произошло движение: 65, 54
INFO:MovingLoader:Произошло движение: 66, 54
INFO:MovingLoader:Произошло движение: 67, 54
INFO:MovingLoader:Произошло движение: 68, 54
INFO:MovingLoader:Произошло движение: 69, 54
INFO:MovingLoader:Произошло движение: 70, 54
INFO:MovingLoader:Произошло движение: 71, 54
INFO:MovingLoader:Произошло движение: 72, 54
INFO:MovingLoader:Произошло движение: 73, 54
INFO:MovingLoader:Произошло движение: 74, 54
INFO:MovingLoader:Произошло движение: 75, 54
INFO:MovingLoader:Произошло движение: 76, 54
INFO:MovingLoader:Произошло движение: 77, 54
INFO:MovingLoader:Произошло движение: 78, 54
INFO:MovingLoader:Произошло движение: 79, 54
INFO:MovingLoader:Произошло движение: 80, 54
INFO:MovingLoader:Произошло движение: 81, 54
INFO:MovingLoader:Произошло движение: 82, 54
INFO:MovingLoader:Произошло движение: 83, 54
INFO:MovingLoader:Произошло движение: 84, 54
