2024-05-03 10:43:05,594 - INFO - os: nt
2024-05-03 10:43:05,594 - INFO - D:\Python\Projects\UU\lessons\Internship\sprint_01\task_07
2024-05-03 10:43:05,594 - INFO - ['aapl_3mo_stock_price_chart_5.png', 'calculation.py', 'data_download.py', 'data_plotting.py', 'log', 'log_settings.py', 'main.py', 'readme.txt', 'test.py', '__pycache__']
2024-05-03 10:43:53,613 - INFO - os: nt
2024-05-03 10:43:53,613 - INFO - D:\Python\Projects\UU\lessons\Internship\sprint_01\task_07
2024-05-03 10:43:53,614 - INFO - ['aapl_3mo_stock_price_chart_5.png', 'calculation.py', 'data_download.py', 'data_plotting.py', 'log', 'log_settings.py', 'main.py', 'readme.txt', 'test.py', '__pycache__']
2024-05-03 10:44:07,726 - INFO - period: 3mo
2024-05-03 10:44:07,727 - INFO - ticker: aapl
2024-05-03 10:44:07,727 - INFO - date_start: 
2024-05-03 10:44:07,727 - INFO - date_end: 
2024-05-03 10:44:07,727 - INFO - threshold: 0
2024-05-03 10:44:09,539 - INFO - Получено: 62 значений
2024-05-03 10:49:07,824 - INFO - os: nt
2024-05-03 10:49:07,824 - INFO - D:\Python\Projects\UU\lessons\Internship\sprint_01\task_07
2024-05-03 10:49:07,824 - INFO - ['aapl_3mo_stock_price_chart_5.png', 'calculation.py', 'data_download.py', 'data_plotting.py', 'log', 'log_settings.py', 'main.py', 'readme.txt', 'test.py', '__pycache__']
2024-05-03 10:49:24,005 - INFO - period: 1mo
2024-05-03 10:49:24,005 - INFO - ticker: aapl
2024-05-03 10:49:24,005 - INFO - date_start: 
2024-05-03 10:49:24,005 - INFO - date_end: 
2024-05-03 10:49:24,006 - INFO - threshold: 0
2024-05-03 10:49:25,667 - INFO - Получено: 22 значений
2024-05-03 10:49:25,691 - INFO - Добавлены средние значения:                                  Open        High  ...  Stock Splits  Moving_Average
Date                                               ...                              
2024-04-03 00:00:00-04:00  168.789993  170.679993  ...           0.0             NaN
2024-04-04 00:00:00-04:00  170.289993  171.919998  ...           0.0             NaN
2024-04-05 00:00:00-04:00  169.589996  170.389999  ...           0.0             NaN
2024-04-08 00:00:00-04:00  169.029999  169.199997  ...           0.0             NaN
2024-04-09 00:00:00-04:00  168.699997  170.080002  ...           0.0      169.234000
2024-04-10 00:00:00-04:00  168.800003  169.089996  ...           0.0      168.860001
2024-04-11 00:00:00-04:00  168.339996  175.460007  ...           0.0      170.103998
2024-04-12 00:00:00-04:00  174.259995  178.360001  ...           0.0      171.497998
2024-04-15 00:00:00-04:00  175.360001  176.630005  ...           0.0      172.345999
2024-04-16 00:00:00-04:00  171.750000  173.759995  ...           0.0      172.288000
2024-04-17 00:00:00-04:00  169.610001  170.649994  ...           0.0      172.332001
2024-04-18 00:00:00-04:00  168.029999  168.639999  ...           0.0      170.732001
2024-04-19 00:00:00-04:00  166.210007  166.399994  ...           0.0      168.422000
2024-04-22 00:00:00-04:00  165.520004  167.259995  ...           0.0      167.051999
2024-04-23 00:00:00-04:00  165.350006  167.050003  ...           0.0      166.555997
2024-04-24 00:00:00-04:00  166.539993  169.300003  ...           0.0      166.759998
2024-04-25 00:00:00-04:00  169.529999  170.610001  ...           0.0      167.329999
2024-04-26 00:00:00-04:00  169.880005  171.339996  ...           0.0      168.189999
2024-04-29 00:00:00-04:00  173.369995  176.029999  ...           0.0      169.722000
2024-04-30 00:00:00-04:00  173.330002  174.990005  ...           0.0      170.408002
2024-05-01 00:00:00-04:00  169.580002  172.710007  ...           0.0      170.464001
2024-05-02 00:00:00-04:00  172.509995  173.419998  ...           0.0      171.092001

[22 rows x 8 columns]
2024-05-03 10:51:12,368 - INFO - os: nt
2024-05-03 10:51:12,368 - INFO - D:\Python\Projects\UU\lessons\Internship\sprint_01\task_07
2024-05-03 10:51:12,368 - INFO - ['aapl_1mo_stock_price_chart_6.png', 'aapl_3mo_stock_price_chart_5.png', 'calculation.py', 'data_download.py', 'data_plotting.py', 'log', 'log_settings.py', 'main.py', 'readme.txt', 'test.py', '__pycache__']
2024-05-03 10:51:25,348 - INFO - period: 1mo
2024-05-03 10:51:25,348 - INFO - ticker: aapl
2024-05-03 10:51:25,349 - INFO - date_start: 
2024-05-03 10:51:25,349 - INFO - date_end: 
2024-05-03 10:51:25,349 - INFO - threshold: 5.0
2024-05-03 10:51:27,133 - INFO - Получено: 22 значений
2024-05-03 10:51:27,135 - INFO - Добавлены средние значения: Date
2024-04-03 00:00:00-04:00           NaN
2024-04-04 00:00:00-04:00           NaN
2024-04-05 00:00:00-04:00           NaN
2024-04-08 00:00:00-04:00           NaN
2024-04-09 00:00:00-04:00    169.234000
2024-04-10 00:00:00-04:00    168.860001
2024-04-11 00:00:00-04:00    170.103998
2024-04-12 00:00:00-04:00    171.497998
2024-04-15 00:00:00-04:00    172.345999
2024-04-16 00:00:00-04:00    172.288000
2024-04-17 00:00:00-04:00    172.332001
2024-04-18 00:00:00-04:00    170.732001
2024-04-19 00:00:00-04:00    168.422000
2024-04-22 00:00:00-04:00    167.051999
2024-04-23 00:00:00-04:00    166.555997
2024-04-24 00:00:00-04:00    166.759998
2024-04-25 00:00:00-04:00    167.329999
2024-04-26 00:00:00-04:00    168.189999
2024-04-29 00:00:00-04:00    169.722000
2024-04-30 00:00:00-04:00    170.408002
2024-05-01 00:00:00-04:00    170.464001
2024-05-02 00:00:00-04:00    171.092001
Name: Moving_Average, dtype: float64
2024-05-03 10:51:27,138 - INFO - Добавлены значения RSI
2024-05-03 10:56:56,769 - INFO - os: nt
2024-05-03 10:56:56,769 - INFO - D:\Python\Projects\UU\lessons\Internship\sprint_01\task_07
2024-05-03 10:56:56,769 - INFO - ['aapl_1mo_stock_price_chart_6.png', 'aapl_1mo_stock_price_chart_7.png', 'aapl_3mo_stock_price_chart_5.png', 'calculation.py', 'data_download.py', 'data_plotting.py', 'log', 'log_settings.py', 'main.py', 'readme.txt', 'test.py', '__pycache__']
2024-05-03 10:57:16,548 - INFO - period: 1mo
2024-05-03 10:57:16,548 - INFO - ticker: aapl
2024-05-03 10:57:16,549 - INFO - date_start: 
2024-05-03 10:57:16,549 - INFO - date_end: 
2024-05-03 10:57:16,549 - INFO - threshold: 5.0
2024-05-03 10:57:18,299 - INFO - Получено: 22 значений
2024-05-03 10:57:18,300 - INFO - Добавлены средние значения (Moving_Average)(шт): 22
2024-05-03 10:57:18,302 - INFO - Добавлены значения RSI (шт): 22
2024-05-03 10:58:47,006 - INFO - os: nt
2024-05-03 10:58:47,006 - INFO - D:\Python\Projects\UU\lessons\Internship\sprint_01\task_07
2024-05-03 10:58:47,006 - INFO - ['aapl_1mo_stock_price_chart_6.png', 'aapl_1mo_stock_price_chart_7.png', 'aapl_3mo_stock_price_chart_5.png', 'calculation.py', 'data_download.py', 'data_plotting.py', 'log', 'log_settings.py', 'main.py', 'readme.txt', 'test.py', '__pycache__']
2024-05-03 10:59:00,908 - INFO - period: 1mo
2024-05-03 10:59:00,908 - INFO - ticker: aapl
2024-05-03 10:59:00,908 - INFO - date_start: 
2024-05-03 10:59:00,908 - INFO - date_end: 
2024-05-03 10:59:00,909 - INFO - threshold: 0
2024-05-03 10:59:02,650 - INFO - Получено: 22 значений
2024-05-03 10:59:02,651 - INFO - Добавлены средние значения (Moving_Average)(шт): 22
2024-05-03 10:59:02,652 - INFO - Добавлены значения RSI (шт): 22
2024-05-03 10:59:02,653 - INFO - Расчитано стандартное отклонение.
2024-05-03 10:59:05,236 - INFO - Стиль графика: 7
2024-05-03 10:59:05,449 - INFO - Сохранен график
2024-05-03 11:01:56,381 - INFO - os: nt
2024-05-03 11:01:56,381 - INFO - D:\Python\Projects\UU\lessons\Internship\sprint_01\task_07
2024-05-03 11:01:56,381 - INFO - ['aapl_1mo_stock_price_chart_6.png', 'aapl_1mo_stock_price_chart_7.png', 'aapl_1mo_stock_price_chart_8.png', 'aapl_3mo_stock_price_chart_5.png', 'calculation.py', 'data_download.py', 'data_plotting.py', 'log', 'log_settings.py', 'main.py', 'readme.txt', 'test.py', '__pycache__']
2024-05-03 11:02:10,346 - INFO - period: 1mo
2024-05-03 11:02:10,346 - INFO - ticker: aapl
2024-05-03 11:02:10,346 - INFO - date_start: 
2024-05-03 11:02:10,346 - INFO - date_end: 
2024-05-03 11:02:10,346 - INFO - threshold: 5.0
2024-05-03 11:02:11,769 - INFO - Получено: 22 значений
2024-05-03 11:02:11,770 - INFO - Добавлены средние значения (Moving_Average)(шт): 22
2024-05-03 11:02:11,773 - INFO - Добавлены значения RSI (шт): 22
2024-05-03 11:02:11,774 - INFO - Расчитано стандартное отклонение.
2024-05-03 11:02:14,660 - INFO - Стиль графика: 7
2024-05-03 11:02:14,872 - INFO - Сохранен график
2024-05-03 11:02:15,360 - INFO - Расчитана средняя цена (AveragePrice)
2024-05-03 11:09:08,625 - INFO - os: nt
2024-05-03 11:09:08,625 - INFO - D:\Python\Projects\UU\lessons\Internship\sprint_01\task_07
2024-05-03 11:09:08,625 - INFO - ['aapl_1mo_stock_price_chart_6.png', 'aapl_1mo_stock_price_chart_7.png', 'aapl_1mo_stock_price_chart_8.png', 'aapl_3mo_stock_price_chart_5.png', 'calculation.py', 'data_download.py', 'data_plotting.py', 'log', 'log_settings.py', 'main.py', 'readme.txt', 'test.py', '__pycache__']
2024-05-03 11:09:20,802 - INFO - period: 1mo
2024-05-03 11:09:20,802 - INFO - ticker: aapl
2024-05-03 11:09:20,802 - INFO - date_start: 
2024-05-03 11:09:20,802 - INFO - date_end: 
2024-05-03 11:09:20,802 - INFO - threshold: 0
2024-05-03 11:09:22,812 - INFO - Получено: 22 значений
2024-05-03 11:09:22,812 - INFO - Добавлены средние значения (Moving_Average)(шт): 22
2024-05-03 11:09:22,813 - INFO - Добавлены значения RSI (шт): 22
2024-05-03 11:09:22,813 - INFO - Расчитано стандартное отклонение.
2024-05-03 11:09:25,258 - INFO - Стиль графика: 8
2024-05-03 11:09:25,478 - INFO - Сохранен график
2024-05-03 11:09:25,478 - INFO - Расчитана средняя цена (AveragePrice)
2024-05-03 11:09:25,478 - INFO - Уведомления по уровню: 0
